Base path: H:/Unity Development/Editor/Data
Pipe name: \\.\pipe\UnityShaderCompiler-2-8792
Cmd: getPlatforms
Cmd: compileSnippet
  api=1 type=0 insize=10605 outsize=132 kw= ok=1
Cmd: compileSnippet
  api=1 type=0 insize=10628 outsize=156 kw= ok=1
Cmd: compileSnippet
  api=8 type=0 insize=3154 outsize=1438 kw= ok=1
Cmd: compileSnippet
  api=8 type=1 insize=3154 outsize=2064 kw= ok=1
Cmd: compileSnippet
  api=8 type=0 insize=3153 outsize=1438 kw= ok=1
Cmd: compileSnippet
  api=1 type=0 insize=3198 outsize=132 kw= ok=1
Cmd: compileSnippet
  api=8 type=1 insize=3198 outsize=4753 kw= ok=1
Cmd: compileSnippet
  api=1 type=1 insize=1251 outsize=374 kw= ok=1
Cmd: compileSnippet
  api=8 type=0 insize=5451 outsize=1958 kw= ok=1
Cmd: compileSnippet
  api=8 type=1 insize=5451 outsize=1235 kw= ok=1
Cmd: compileSnippet
  api=8 type=0 insize=5459 outsize=2259 kw= ok=1
Cmd: compileSnippet
  api=8 type=1 insize=5459 outsize=2235 kw= ok=1
Cmd: compileSnippet
  api=8 type=0 insize=5463 outsize=2088 kw= ok=1
Cmd: compileSnippet
  api=8 type=1 insize=5463 outsize=2755 kw= ok=1
Cmd: compileSnippet
  api=1 type=1 insize=5464 outsize=824 kw= ok=1
Cmd: compileSnippet
  api=1 type=0 insize=5470 outsize=412 kw= ok=1
Cmd: compileSnippet
  api=8 type=1 insize=5470 outsize=2885 kw= ok=1
Cmd: compileSnippet
  api=1 type=0 insize=32668 outsize=156 kw= ok=1
Cmd: compileSnippet
  api=8 type=0 insize=1749 outsize=2446 kw= ok=1
Cmd: compileSnippet
  api=8 type=1 insize=1749 outsize=4818 kw= ok=1
Cmd: compileSnippet
  api=1 type=0 insize=32678 outsize=156 kw= ok=1
Cmd: compileSnippet
  api=1 type=0 insize=3862 outsize=450 kw= ok=1
Cmd: compileSnippet
  api=1 type=0 insize=4192 outsize=458 kw= ok=1
Cmd: compileSnippet
  api=1 type=1 insize=4197 outsize=813 kw= ok=1
Cmd: compileSnippet
  api=8 type=1 insize=1354 outsize=2917 kw= ok=1
