Base path: H:/Unity Development/Editor/Data
Pipe name: \\.\pipe\UnityShaderCompiler-4-6212
Cmd: getPlatforms
Cmd: compileSnippet
  api=1 type=0 insize=10627 outsize=156 kw= ok=1
Cmd: compileSnippet
  api=1 type=0 insize=3154 outsize=132 kw= ok=1
Cmd: compileSnippet
  api=1 type=1 insize=3154 outsize=381 kw= ok=1
Cmd: compileSnippet
  api=1 type=1 insize=3153 outsize=332 kw= ok=1
Cmd: compileSnippet
  api=8 type=0 insize=3198 outsize=1438 kw= ok=1
Cmd: compileSnippet
  api=1 type=1 insize=3198 outsize=1561 kw= ok=1
Cmd: compileSnippet
  api=1 type=0 insize=1251 outsize=335 kw= ok=1
Cmd: compileSnippet
  api=1 type=0 insize=5451 outsize=335 kw= ok=1
Cmd: compileSnippet
  api=1 type=1 insize=5451 outsize=111 kw= ok=1
Cmd: compileSnippet
  api=1 type=1 insize=5459 outsize=314 kw= ok=1
Cmd: compileSnippet
  api=1 type=0 insize=5464 outsize=239 kw= ok=1
Cmd: compileSnippet
  api=1 type=0 insize=5468 outsize=412 kw= ok=1
Cmd: compileSnippet
  api=8 type=1 insize=5468 outsize=2885 kw= ok=1
Cmd: compileSnippet
  api=8 type=0 insize=5470 outsize=2625 kw= ok=1
Cmd: compileSnippet
  api=1 type=1 insize=5470 outsize=662 kw= ok=1
Cmd: compileSnippet
  api=1 type=0 insize=1749 outsize=339 kw= ok=1
Cmd: compileSnippet
  api=1 type=1 insize=32678 outsize=4414 kw= ok=1
Cmd: compileSnippet
  api=1 type=0 insize=6851 outsize=310 kw= ok=1
Cmd: compileSnippet
  api=1 type=1 insize=4192 outsize=1043 kw= ok=1
Cmd: compileSnippet
  api=1 type=0 insize=4197 outsize=458 kw= ok=1
Cmd: compileSnippet
  api=8 type=0 insize=1354 outsize=2275 kw= ok=1
