Base path: H:/Unity Development/Editor/Data
Pipe name: \\.\pipe\UnityShaderCompiler-3-3972
Cmd: getPlatforms
Cmd: compileSnippet
  api=1 type=1 insize=10605 outsize=460 kw= ok=1
Cmd: compileSnippet
  api=1 type=1 insize=10628 outsize=3842 kw= ok=1
Cmd: compileSnippet
  api=1 type=1 insize=10627 outsize=3819 kw= ok=1
Cmd: compileSnippet
  api=1 type=0 insize=3153 outsize=132 kw= ok=1
Cmd: compileSnippet
  api=8 type=1 insize=3153 outsize=1812 kw= ok=1
Cmd: compileSnippet
  api=8 type=0 insize=1251 outsize=1958 kw= ok=1
Cmd: compileSnippet
  api=8 type=1 insize=1251 outsize=2113 kw= ok=1
Cmd: compileSnippet
  api=1 type=0 insize=5459 outsize=302 kw= ok=1
Cmd: compileSnippet
  api=1 type=0 insize=5463 outsize=244 kw= ok=1
Cmd: compileSnippet
  api=1 type=1 insize=5463 outsize=824 kw= ok=1
Cmd: compileSnippet
  api=8 type=0 insize=5464 outsize=2088 kw= ok=1
Cmd: compileSnippet
  api=8 type=1 insize=5464 outsize=2755 kw= ok=1
Cmd: compileSnippet
  api=8 type=0 insize=5468 outsize=2625 kw= ok=1
Cmd: compileSnippet
  api=1 type=1 insize=5468 outsize=662 kw= ok=1
Cmd: compileSnippet
  api=1 type=1 insize=32668 outsize=4416 kw= ok=1
Cmd: compileSnippet
  api=1 type=1 insize=1749 outsize=980 kw= ok=1
Cmd: compileSnippet
  api=1 type=1 insize=3862 outsize=2057 kw= ok=1
Cmd: compileSnippet
  api=1 type=1 insize=6851 outsize=1855 kw= ok=1
Cmd: compileSnippet
  api=1 type=0 insize=1354 outsize=379 kw= ok=1
Cmd: compileSnippet
  api=1 type=1 insize=1354 outsize=582 kw= ok=1
